<?xml version="1.0" encoding="UTF-8"?>
<testng-results ignored="0" total="1" passed="1" failed="0" skipped="0">
  <reporter-output>
  </reporter-output>
  <suite started-at="2023-02-18T09:38:39 IST" name="Default suite" finished-at="2023-02-18T09:39:02 IST" duration-ms="23750">
    <groups>
    </groups>
    <test started-at="2023-02-18T09:38:39 IST" name="Default test" finished-at="2023-02-18T09:39:02 IST" duration-ms="23750">
      <class name="testscripts.SecondTest">
        <test-method is-config="true" signature="classConfiguration()[pri:0, instance:testscripts.SecondTest@6e20b53a]" started-at="2023-02-18T09:38:39 IST" name="classConfiguration" finished-at="2023-02-18T09:38:40 IST" duration-ms="935" status="PASS">
          <reporter-output>
          </reporter-output>
        </test-method> <!-- classConfiguration -->
        <test-method is-config="true" signature="methodConfiguration()[pri:0, instance:testscripts.SecondTest@6e20b53a]" started-at="2023-02-18T09:38:40 IST" name="methodConfiguration" finished-at="2023-02-18T09:38:46 IST" duration-ms="6675" status="PASS">
          <reporter-output>
          </reporter-output>
        </test-method> <!-- methodConfiguration -->
        <test-method signature="secondTest()[pri:0, instance:testscripts.SecondTest@6e20b53a]" started-at="2023-02-18T09:38:46 IST" name="secondTest" finished-at="2023-02-18T09:39:02 IST" duration-ms="15644" status="PASS">
          <reporter-output>
          </reporter-output>
        </test-method> <!-- secondTest -->
        <test-method is-config="true" signature="methodTearDoen()[pri:0, instance:testscripts.SecondTest@6e20b53a]" started-at="2023-02-18T09:39:02 IST" name="methodTearDoen" finished-at="2023-02-18T09:39:02 IST" duration-ms="452" status="PASS">
          <reporter-output>
          </reporter-output>
        </test-method> <!-- methodTearDoen -->
        <test-method is-config="true" signature="classTearDown()[pri:0, instance:testscripts.SecondTest@6e20b53a]" started-at="2023-02-18T09:39:02 IST" name="classTearDown" finished-at="2023-02-18T09:39:02 IST" duration-ms="0" status="PASS">
          <reporter-output>
          </reporter-output>
        </test-method> <!-- classTearDown -->
      </class> <!-- testscripts.SecondTest -->
    </test> <!-- Default test -->
  </suite> <!-- Default suite -->
</testng-results>
